<?xml version="1.0" encoding="UTF-8"?>
<testng-results skipped="0" failed="0" total="2" passed="2">
  <reporter-output>
  </reporter-output>
  <suite name="Default suite" duration-ms="22209" started-at="2019-03-19T04:38:47Z" finished-at="2019-03-19T04:39:09Z">
    <groups>
    </groups>
    <test name="Default test" duration-ms="22209" started-at="2019-03-19T04:38:47Z" finished-at="2019-03-19T04:39:09Z">
      <class name="crossplatform.CrossPlatform">
        <test-method status="PASS" signature="Test1()[pri:0, instance:crossplatform.CrossPlatform@1c53fd30]" name="Test1" duration-ms="19065" started-at="2019-03-19T10:08:47Z" finished-at="2019-03-19T10:09:06Z">
          <reporter-output>
          </reporter-output>
        </test-method> <!-- Test1 -->
        <test-method status="PASS" signature="Test2()[pri:0, instance:crossplatform.CrossPlatform@1c53fd30]" name="Test2" duration-ms="3100" started-at="2019-03-19T10:09:06Z" finished-at="2019-03-19T10:09:09Z">
          <reporter-output>
          </reporter-output>
        </test-method> <!-- Test2 -->
      </class> <!-- crossplatform.CrossPlatform -->
    </test> <!-- Default test -->
  </suite> <!-- Default suite -->
</testng-results>
