<?xml version="1.0" encoding="UTF-8"?>
<!-- Generated by org.testng.reporters.JUnitXMLReporter -->
<testsuite hostname="Varshi" name="Parallel test" tests="4" failures="0" timestamp="19 Mar 2019 03:51:58 GMT" time="0.088" errors="0">
  <testcase name="test21" time="0.025" classname="parallel.ParallelExecution2"/>
  <testcase name="test1" time="0.025" classname="parallel.ParallelExecution"/>
  <testcase name="test2" time="0.003" classname="parallel.ParallelExecution"/>
  <testcase name="test22" time="0.009" classname="parallel.ParallelExecution2"/>
</testsuite> <!-- Parallel test -->
